[GEN-ENV] Repo root: C:\Users\LENOVO\OneDrive\Genealogia
[GEN-ENV] Avvio installazione/verifica GnuCOBOL...
==========================================
  INSTALLAZIONE GNUCOBOL - GENEALOGIA
==========================================

MSYS2 gia installato.
:: Sincronizzazione dei database in corso...
download di clangarm64 in corso...
download di mingw32 in corso...
download di mingw64 in corso...
download di ucrt64 in corso...
download di clang64 in corso...
download di msys in corso...
attenzione: mingw-w64-ucrt-x86_64-gnucobol-1~3.2-9 è aggiornato e sarà ignorato
 non ci sono aggiornamenti disponibili
PATH utente gia contiene C:\msys64\ucrt64\bin
COB_CONFIG_DIR utente impostata su C:\msys64\ucrt64\share\gnucobol\config
cobc (GnuCOBOL) 3.2.0
Installazione GnuCOBOL completata.

[OK] Installazione completata con successo.

Premere un tasto per continuare . . . 
[GEN-ENV] Ambiente pronto.
